<?xml version="1.0" encoding="UTF-8"?>
<coverage generated="1652264515877" clover="3.2.0">
  <project timestamp="1652264515877" name="All files">
    <metrics statements="86" coveredstatements="86" conditionals="22" coveredconditionals="21" methods="32" coveredmethods="32" elements="140" coveredelements="139" complexity="0" loc="86" ncloc="86" packages="1" files="4" classes="4"/>
    <file name="AppData.ts" path="C:\WORK\REAL\Github\ts-task\src\AppData.ts">
      <metrics statements="1" coveredstatements="1" conditionals="0" coveredconditionals="0" methods="0" coveredmethods="0"/>
      <line num="5" count="1" type="stmt"/>
    </file>
    <file name="Basket.ts" path="C:\WORK\REAL\Github\ts-task\src\Basket.ts">
      <metrics statements="52" coveredstatements="52" conditionals="12" coveredconditionals="11" methods="23" coveredmethods="23"/>
      <line num="9" count="2" type="stmt"/>
      <line num="18" count="88" type="stmt"/>
      <line num="24" count="88" type="stmt"/>
      <line num="25" count="85" type="stmt"/>
      <line num="26" count="85" type="stmt"/>
      <line num="33" count="88" type="stmt"/>
      <line num="34" count="88" type="stmt"/>
      <line num="35" count="88" type="stmt"/>
      <line num="36" count="88" type="stmt"/>
      <line num="38" count="88" type="stmt"/>
      <line num="39" count="133" type="stmt"/>
      <line num="40" count="133" type="stmt"/>
      <line num="50" count="2" type="stmt"/>
      <line num="51" count="194" type="stmt"/>
      <line num="52" count="308" type="stmt"/>
      <line num="62" count="2" type="stmt"/>
      <line num="63" count="321" type="cond" truecount="2" falsecount="0"/>
      <line num="65" count="133" type="stmt"/>
      <line num="66" count="179" type="cond" truecount="2" falsecount="0"/>
      <line num="68" count="60" type="stmt"/>
      <line num="77" count="2" type="stmt"/>
      <line num="78" count="250" type="cond" truecount="2" falsecount="0"/>
      <line num="80" count="51" type="cond" truecount="2" falsecount="0"/>
      <line num="81" count="39" type="stmt"/>
      <line num="82" count="39" type="stmt"/>
      <line num="84" count="12" type="stmt"/>
      <line num="85" count="12" type="stmt"/>
      <line num="86" count="12" type="cond" truecount="1" falsecount="1"/>
      <line num="88" count="12" type="stmt"/>
      <line num="95" count="85" type="stmt"/>
      <line num="97" count="85" type="stmt"/>
      <line num="98" count="85" type="stmt"/>
      <line num="99" count="124" type="stmt"/>
      <line num="102" count="85" type="stmt"/>
      <line num="103" count="85" type="stmt"/>
      <line num="111" count="2" type="stmt"/>
      <line num="112" count="62" type="cond" truecount="2" falsecount="0"/>
      <line num="113" count="20" type="stmt"/>
      <line num="114" count="19" type="stmt"/>
      <line num="115" count="19" type="stmt"/>
      <line num="116" count="37" type="stmt"/>
      <line num="117" count="19" type="stmt"/>
      <line num="120" count="103" type="stmt"/>
      <line num="121" count="43" type="stmt"/>
      <line num="131" count="2" type="stmt"/>
      <line num="134" count="24" type="stmt"/>
      <line num="135" count="60" type="stmt"/>
      <line num="137" count="24" type="stmt"/>
      <line num="138" count="24" type="stmt"/>
      <line num="145" count="86" type="stmt"/>
      <line num="146" count="250" type="stmt"/>
      <line num="148" count="2" type="stmt"/>
    </file>
    <file name="Utils.ts" path="C:\WORK\REAL\Github\ts-task\src\Utils.ts">
      <metrics statements="5" coveredstatements="5" conditionals="2" coveredconditionals="2" methods="2" coveredmethods="2"/>
      <line num="12" count="2" type="stmt"/>
      <line num="13" count="14" type="stmt"/>
      <line num="15" count="14" type="stmt"/>
      <line num="16" count="26" type="cond" truecount="2" falsecount="0"/>
      <line num="19" count="14" type="stmt"/>
    </file>
    <file name="index.ts" path="C:\WORK\REAL\Github\ts-task\src\index.ts">
      <metrics statements="28" coveredstatements="28" conditionals="8" coveredconditionals="8" methods="7" coveredmethods="7"/>
      <line num="1" count="1" type="stmt"/>
      <line num="5" count="1" type="stmt"/>
      <line num="6" count="1" type="stmt"/>
      <line num="8" count="1" type="stmt"/>
      <line num="12" count="9" type="stmt"/>
      <line num="14" count="5" type="stmt"/>
      <line num="16" count="4" type="stmt"/>
      <line num="20" count="1" type="stmt"/>
      <line num="22" count="82" type="stmt"/>
      <line num="23" count="82" type="stmt"/>
      <line num="25" count="533" type="stmt"/>
      <line num="26" count="82" type="stmt"/>
      <line num="27" count="82" type="stmt"/>
      <line num="29" count="82" type="stmt"/>
      <line num="40" count="5" type="stmt"/>
      <line num="43" count="5" type="cond" truecount="2" falsecount="0"/>
      <line num="44" count="2" type="stmt"/>
      <line num="45" count="2" type="stmt"/>
      <line num="49" count="3" type="cond" truecount="2" falsecount="0"/>
      <line num="50" count="1" type="stmt"/>
      <line num="54" count="2" type="stmt"/>
      <line num="55" count="2" type="stmt"/>
      <line num="65" count="4" type="stmt"/>
      <line num="66" count="4" type="stmt"/>
      <line num="69" count="4" type="stmt"/>
      <line num="70" count="8" type="cond" truecount="2" falsecount="0"/>
      <line num="71" count="5" type="stmt"/>
      <line num="75" count="4" type="stmt"/>
    </file>
  </project>
</coverage>
