{"C:\\WORK\\REAL\\Github\\ts-task\\src\\AppData.ts": {"path":"C:\\WORK\\REAL\\Github\\ts-task\\src\\AppData.ts","statementMap":{"0":{"start":{"line":5,"column":13},"end":{"line":104,"column":null}}},"fnMap":{},"branchMap":{},"s":{"0":1},"f":{},"b":{}}
,"C:\\WORK\\REAL\\Github\\ts-task\\src\\Basket.ts": {"path":"C:\\WORK\\REAL\\Github\\ts-task\\src\\Basket.ts","statementMap":{"0":{"start":{"line":9,"column":0},"end":{"line":9,"column":13}},"1":{"start":{"line":33,"column":4},"end":{"line":33,"column":16}},"2":{"start":{"line":18,"column":4},"end":{"line":18,"column":70}},"3":{"start":{"line":18,"column":36},"end":{"line":18,"column":70}},"4":{"start":{"line":24,"column":5},"end":{"line":27,"column":null}},"5":{"start":{"line":25,"column":8},"end":{"line":25,"column":30}},"6":{"start":{"line":26,"column":8},"end":{"line":26,"column":59}},"7":{"start":{"line":34,"column":8},"end":{"line":34,"column":24}},"8":{"start":{"line":35,"column":8},"end":{"line":35,"column":34}},"9":{"start":{"line":36,"column":8},"end":{"line":36,"column":65}},"10":{"start":{"line":38,"column":8},"end":{"line":41,"column":11}},"11":{"start":{"line":39,"column":12},"end":{"line":39,"column":52}},"12":{"start":{"line":40,"column":12},"end":{"line":40,"column":62}},"13":{"start":{"line":50,"column":19},"end":{"line":54,"column":null}},"14":{"start":{"line":51,"column":8},"end":{"line":53,"column":14}},"15":{"start":{"line":52,"column":12},"end":{"line":52,"column":40}},"16":{"start":{"line":62,"column":12},"end":{"line":69,"column":null}},"17":{"start":{"line":63,"column":8},"end":{"line":63,"column":83}},"18":{"start":{"line":63,"column":35},"end":{"line":63,"column":67}},"19":{"start":{"line":63,"column":70},"end":{"line":63,"column":83}},"20":{"start":{"line":66,"column":12},"end":{"line":66,"column":64}},"21":{"start":{"line":66,"column":37},"end":{"line":66,"column":50}},"22":{"start":{"line":66,"column":59},"end":{"line":66,"column":64}},"23":{"start":{"line":65,"column":8},"end":{"line":66,"column":null}},"24":{"start":{"line":65,"column":22},"end":{"line":65,"column":30}},"25":{"start":{"line":65,"column":22},"end":{"line":65,"column":39}},"26":{"start":{"line":65,"column":18},"end":{"line":65,"column":22}},"27":{"start":{"line":65,"column":17},"end":{"line":65,"column":22}},"28":{"start":{"line":68,"column":8},"end":{"line":68,"column":21}},"29":{"start":{"line":77,"column":12},"end":{"line":90,"column":null}},"30":{"start":{"line":78,"column":8},"end":{"line":78,"column":53}},"31":{"start":{"line":78,"column":46},"end":{"line":78,"column":53}},"32":{"start":{"line":80,"column":8},"end":{"line":89,"column":null}},"33":{"start":{"line":81,"column":12},"end":{"line":81,"column":70}},"34":{"start":{"line":82,"column":12},"end":{"line":82,"column":19}},"35":{"start":{"line":84,"column":24},"end":{"line":84,"column":34}},"36":{"start":{"line":85,"column":31},"end":{"line":87,"column":14}},"37":{"start":{"line":86,"column":16},"end":{"line":86,"column":127}},"38":{"start":{"line":88,"column":12},"end":{"line":88,"column":78}},"39":{"start":{"line":95,"column":12},"end":{"line":104,"column":null}},"40":{"start":{"line":95,"column":4},"end":{"line":95,"column":12}},"41":{"start":{"line":97,"column":8},"end":{"line":97,"column":34}},"42":{"start":{"line":98,"column":8},"end":{"line":100,"column":11}},"43":{"start":{"line":99,"column":12},"end":{"line":99,"column":62}},"44":{"start":{"line":102,"column":31},"end":{"line":102,"column":73}},"45":{"start":{"line":103,"column":8},"end":{"line":103,"column":97}},"46":{"start":{"line":103,"column":41},"end":{"line":103,"column":96}},"47":{"start":{"line":111,"column":19},"end":{"line":123,"column":null}},"48":{"start":{"line":112,"column":8},"end":{"line":122,"column":null}},"49":{"start":{"line":113,"column":27},"end":{"line":113,"column":83}},"50":{"start":{"line":113,"column":52},"end":{"line":113,"column":83}},"51":{"start":{"line":114,"column":12},"end":{"line":114,"column":44}},"52":{"start":{"line":115,"column":12},"end":{"line":118,"column":null}},"53":{"start":{"line":115,"column":28},"end":{"line":115,"column":36}},"54":{"start":{"line":115,"column":28},"end":{"line":115,"column":45}},"55":{"start":{"line":115,"column":24},"end":{"line":115,"column":28}},"56":{"start":{"line":116,"column":30},"end":{"line":116,"column":70}},"57":{"start":{"line":116,"column":55},"end":{"line":116,"column":70}},"58":{"start":{"line":117,"column":16},"end":{"line":117,"column":34}},"59":{"start":{"line":120,"column":27},"end":{"line":120,"column":84}},"60":{"start":{"line":120,"column":52},"end":{"line":120,"column":84}},"61":{"start":{"line":121,"column":12},"end":{"line":121,"column":44}},"62":{"start":{"line":131,"column":19},"end":{"line":139,"column":null}},"63":{"start":{"line":134,"column":42},"end":{"line":134,"column":44}},"64":{"start":{"line":135,"column":8},"end":{"line":135,"column":77}},"65":{"start":{"line":135,"column":35},"end":{"line":135,"column":76}},"66":{"start":{"line":137,"column":8},"end":{"line":137,"column":56}},"67":{"start":{"line":138,"column":8},"end":{"line":138,"column":50}},"68":{"start":{"line":145,"column":4},"end":{"line":147,"column":null}},"69":{"start":{"line":145,"column":4},"end":{"line":145,"column":16}},"70":{"start":{"line":146,"column":8},"end":{"line":146,"column":61}},"71":{"start":{"line":146,"column":40},"end":{"line":146,"column":60}},"72":{"start":{"line":148,"column":0},"end":{"line":148,"column":null}},"73":{"start":{"line":9,"column":13},"end":{"line":9,"column":19}}},"fnMap":{"0":{"name":"(anonymous_0)","decl":{"start":{"line":9,"column":0},"end":{"line":9,"column":13}},"loc":{"start":{"line":9,"column":0},"end":{"line":148,"column":null}}},"1":{"name":"Basket","decl":{"start":{"line":33,"column":4},"end":{"line":33,"column":16}},"loc":{"start":{"line":33,"column":41},"end":{"line":42,"column":5}}},"2":{"name":"(anonymous_2)","decl":{"start":{"line":18,"column":21},"end":{"line":18,"column":36}},"loc":{"start":{"line":18,"column":21},"end":{"line":18,"column":42}}},"3":{"name":"(anonymous_3)","decl":{"start":{"line":24,"column":32},"end":{"line":24,"column":null}},"loc":{"start":{"line":24,"column":32},"end":{"line":27,"column":5}}},"4":{"name":"(anonymous_4)","decl":{"start":{"line":38,"column":28},"end":{"line":38,"column":31}},"loc":{"start":{"line":38,"column":31},"end":{"line":41,"column":9}}},"5":{"name":"(anonymous_5)","decl":{"start":{"line":50,"column":4},"end":{"line":50,"column":19}},"loc":{"start":{"line":50,"column":59},"end":{"line":54,"column":5}}},"6":{"name":"(anonymous_6)","decl":{"start":{"line":51,"column":34},"end":{"line":51,"column":35}},"loc":{"start":{"line":51,"column":48},"end":{"line":53,"column":9}}},"7":{"name":"(anonymous_7)","decl":{"start":{"line":62,"column":4},"end":{"line":62,"column":12}},"loc":{"start":{"line":62,"column":47},"end":{"line":69,"column":5}}},"8":{"name":"(anonymous_8)","decl":{"start":{"line":63,"column":30},"end":{"line":63,"column":31}},"loc":{"start":{"line":63,"column":31},"end":{"line":63,"column":36}}},"9":{"name":"(anonymous_10)","decl":{"start":{"line":66,"column":32},"end":{"line":66,"column":33}},"loc":{"start":{"line":66,"column":33},"end":{"line":66,"column":38}}},"10":{"name":"(anonymous_11)","decl":{"start":{"line":77,"column":4},"end":{"line":77,"column":12}},"loc":{"start":{"line":77,"column":42},"end":{"line":90,"column":5}}},"11":{"name":"(anonymous_12)","decl":{"start":{"line":85,"column":98},"end":{"line":85,"column":108}},"loc":{"start":{"line":85,"column":118},"end":{"line":87,"column":13}}},"12":{"name":"(anonymous_13)","decl":{"start":{"line":95,"column":4},"end":{"line":95,"column":12}},"loc":{"start":{"line":95,"column":4},"end":{"line":104,"column":5}}},"13":{"name":"(anonymous_14)","decl":{"start":{"line":98,"column":27},"end":{"line":98,"column":30}},"loc":{"start":{"line":98,"column":30},"end":{"line":100,"column":9}}},"14":{"name":"(anonymous_15)","decl":{"start":{"line":103,"column":33},"end":{"line":103,"column":37}},"loc":{"start":{"line":103,"column":37},"end":{"line":103,"column":47}}},"15":{"name":"(anonymous_16)","decl":{"start":{"line":111,"column":4},"end":{"line":111,"column":19}},"loc":{"start":{"line":111,"column":87},"end":{"line":123,"column":5}}},"16":{"name":"(anonymous_17)","decl":{"start":{"line":113,"column":47},"end":{"line":113,"column":48}},"loc":{"start":{"line":113,"column":48},"end":{"line":113,"column":53}}},"17":{"name":"(anonymous_18)","decl":{"start":{"line":116,"column":50},"end":{"line":116,"column":51}},"loc":{"start":{"line":116,"column":51},"end":{"line":116,"column":56}}},"18":{"name":"(anonymous_19)","decl":{"start":{"line":120,"column":47},"end":{"line":120,"column":48}},"loc":{"start":{"line":120,"column":48},"end":{"line":120,"column":53}}},"19":{"name":"(anonymous_20)","decl":{"start":{"line":131,"column":4},"end":{"line":131,"column":19}},"loc":{"start":{"line":131,"column":88},"end":{"line":139,"column":5}}},"20":{"name":"(anonymous_21)","decl":{"start":{"line":135,"column":28},"end":{"line":135,"column":31}},"loc":{"start":{"line":135,"column":31},"end":{"line":135,"column":46}}},"21":{"name":"(anonymous_22)","decl":{"start":{"line":145,"column":4},"end":{"line":145,"column":16}},"loc":{"start":{"line":145,"column":47},"end":{"line":147,"column":5}}},"22":{"name":"(anonymous_23)","decl":{"start":{"line":146,"column":35},"end":{"line":146,"column":36}},"loc":{"start":{"line":146,"column":36},"end":{"line":146,"column":44}}}},"branchMap":{"0":{"loc":{"start":{"line":63,"column":8},"end":{"line":63,"column":83}},"type":"if","locations":[{"start":{"line":63,"column":8},"end":{"line":63,"column":83}},{"start":{"line":63,"column":8},"end":{"line":63,"column":83}}]},"1":{"loc":{"start":{"line":66,"column":12},"end":{"line":66,"column":64}},"type":"if","locations":[{"start":{"line":66,"column":12},"end":{"line":66,"column":64}},{"start":{"line":66,"column":12},"end":{"line":66,"column":64}}]},"2":{"loc":{"start":{"line":78,"column":8},"end":{"line":78,"column":53}},"type":"if","locations":[{"start":{"line":78,"column":8},"end":{"line":78,"column":53}},{"start":{"line":78,"column":8},"end":{"line":78,"column":53}}]},"3":{"loc":{"start":{"line":80,"column":8},"end":{"line":89,"column":null}},"type":"if","locations":[{"start":{"line":80,"column":8},"end":{"line":89,"column":null}},{"start":{"line":80,"column":8},"end":{"line":89,"column":null}}]},"4":{"loc":{"start":{"line":86,"column":115},"end":{"line":86,"column":119}},"type":"cond-expr","locations":[{"start":{"line":86,"column":115},"end":{"line":86,"column":119}},{"start":{"line":86,"column":122},"end":{"line":86,"column":126}}]},"5":{"loc":{"start":{"line":112,"column":8},"end":{"line":122,"column":null}},"type":"if","locations":[{"start":{"line":112,"column":8},"end":{"line":122,"column":null}},{"start":{"line":112,"column":8},"end":{"line":122,"column":null}}]}},"s":{"0":2,"1":88,"2":88,"3":85,"4":88,"5":85,"6":85,"7":88,"8":88,"9":88,"10":88,"11":133,"12":133,"13":2,"14":194,"15":308,"16":2,"17":250,"18":321,"19":139,"20":133,"21":179,"22":51,"23":111,"24":111,"25":111,"26":133,"27":133,"28":60,"29":2,"30":250,"31":199,"32":51,"33":39,"34":39,"35":12,"36":12,"37":12,"38":12,"39":2,"40":85,"41":85,"42":85,"43":124,"44":85,"45":85,"46":38,"47":2,"48":62,"49":19,"50":20,"51":19,"52":19,"53":19,"54":19,"55":19,"56":19,"57":37,"58":19,"59":43,"60":103,"61":43,"62":2,"63":24,"64":24,"65":60,"66":24,"67":24,"68":2,"69":86,"70":86,"71":250,"72":2,"73":2},"f":{"0":2,"1":88,"2":85,"3":85,"4":133,"5":194,"6":308,"7":250,"8":321,"9":179,"10":250,"11":12,"12":85,"13":124,"14":38,"15":62,"16":20,"17":37,"18":103,"19":24,"20":60,"21":86,"22":250},"b":{"0":[139,111],"1":[51,82],"2":[199,51],"3":[39,12],"4":[0,12],"5":[19,43]}}
,"C:\\WORK\\REAL\\Github\\ts-task\\src\\Utils.ts": {"path":"C:\\WORK\\REAL\\Github\\ts-task\\src\\Utils.ts","statementMap":{"0":{"start":{"line":13,"column":17},"end":{"line":13,"column":22}},"1":{"start":{"line":15,"column":4},"end":{"line":17,"column":7}},"2":{"start":{"line":16,"column":8},"end":{"line":16,"column":46}},"3":{"start":{"line":16,"column":32},"end":{"line":16,"column":46}},"4":{"start":{"line":19,"column":4},"end":{"line":19,"column":18}},"5":{"start":{"line":12,"column":1},"end":{"line":12,"column":17}}},"fnMap":{"0":{"name":"hasOneOf","decl":{"start":{"line":12,"column":17},"end":{"line":12,"column":25}},"loc":{"start":{"line":12,"column":60},"end":{"line":20,"column":1}}},"1":{"name":"(anonymous_1)","decl":{"start":{"line":15,"column":23},"end":{"line":15,"column":30}},"loc":{"start":{"line":15,"column":30},"end":{"line":17,"column":5}}}},"branchMap":{"0":{"loc":{"start":{"line":16,"column":8},"end":{"line":16,"column":46}},"type":"if","locations":[{"start":{"line":16,"column":8},"end":{"line":16,"column":46}},{"start":{"line":16,"column":8},"end":{"line":16,"column":46}}]}},"s":{"0":14,"1":14,"2":26,"3":10,"4":14,"5":2},"f":{"0":14,"1":26},"b":{"0":[10,16]}}
,"C:\\WORK\\REAL\\Github\\ts-task\\src\\index.ts": {"path":"C:\\WORK\\REAL\\Github\\ts-task\\src\\index.ts","statementMap":{"0":{"start":{"line":1,"column":0},"end":{"line":1,"column":34}},"1":{"start":{"line":5,"column":0},"end":{"line":5,"column":35}},"2":{"start":{"line":6,"column":0},"end":{"line":6,"column":37}},"3":{"start":{"line":8,"column":13},"end":{"line":18,"column":2}},"4":{"start":{"line":12,"column":4},"end":{"line":17,"column":null}},"5":{"start":{"line":14,"column":12},"end":{"line":14,"column":null}},"6":{"start":{"line":16,"column":12},"end":{"line":16,"column":null}},"7":{"start":{"line":20,"column":13},"end":{"line":30,"column":2}},"8":{"start":{"line":22,"column":31},"end":{"line":22,"column":80}},"9":{"start":{"line":23,"column":29},"end":{"line":23,"column":79}},"10":{"start":{"line":25,"column":22},"end":{"line":25,"column":113}},"11":{"start":{"line":25,"column":55},"end":{"line":25,"column":113}},"12":{"start":{"line":25,"column":82},"end":{"line":25,"column":112}},"13":{"start":{"line":26,"column":17},"end":{"line":26,"column":40}},"14":{"start":{"line":27,"column":4},"end":{"line":27,"column":44}},"15":{"start":{"line":29,"column":4},"end":{"line":29,"column":null}},"16":{"start":{"line":40,"column":19},"end":{"line":40,"column":67}},"17":{"start":{"line":43,"column":4},"end":{"line":46,"column":null}},"18":{"start":{"line":44,"column":8},"end":{"line":44,"column":38}},"19":{"start":{"line":45,"column":8},"end":{"line":45,"column":36}},"20":{"start":{"line":49,"column":4},"end":{"line":51,"column":null}},"21":{"start":{"line":50,"column":8},"end":{"line":50,"column":36}},"22":{"start":{"line":54,"column":4},"end":{"line":54,"column":34}},"23":{"start":{"line":55,"column":4},"end":{"line":55,"column":32}},"24":{"start":{"line":65,"column":19},"end":{"line":65,"column":67}},"25":{"start":{"line":66,"column":4},"end":{"line":66,"column":39}},"26":{"start":{"line":69,"column":4},"end":{"line":73,"column":7}},"27":{"start":{"line":70,"column":8},"end":{"line":72,"column":null}},"28":{"start":{"line":71,"column":12},"end":{"line":71,"column":48}},"29":{"start":{"line":75,"column":4},"end":{"line":75,"column":32}}},"fnMap":{"0":{"name":"(anonymous_6)","decl":{"start":{"line":8,"column":38},"end":{"line":8,"column":null}},"loc":{"start":{"line":10,"column":65},"end":{"line":18,"column":1}}},"1":{"name":"(anonymous_7)","decl":{"start":{"line":20,"column":30},"end":{"line":20,"column":31}},"loc":{"start":{"line":20,"column":89},"end":{"line":30,"column":1}}},"2":{"name":"(anonymous_8)","decl":{"start":{"line":25,"column":50},"end":{"line":25,"column":51}},"loc":{"start":{"line":25,"column":51},"end":{"line":25,"column":71}}},"3":{"name":"(anonymous_9)","decl":{"start":{"line":25,"column":77},"end":{"line":25,"column":78}},"loc":{"start":{"line":25,"column":78},"end":{"line":25,"column":83}}},"4":{"name":"selectAction","decl":{"start":{"line":39,"column":9},"end":{"line":39,"column":21}},"loc":{"start":{"line":39,"column":93},"end":{"line":56,"column":1}}},"5":{"name":"deselectAction","decl":{"start":{"line":64,"column":9},"end":{"line":64,"column":23}},"loc":{"start":{"line":64,"column":97},"end":{"line":76,"column":1}}},"6":{"name":"(anonymous_12)","decl":{"start":{"line":69,"column":57},"end":{"line":69,"column":60}},"loc":{"start":{"line":69,"column":60},"end":{"line":73,"column":5}}}},"branchMap":{"0":{"loc":{"start":{"line":13,"column":8},"end":{"line":14,"column":null}},"type":"switch","locations":[{"start":{"line":13,"column":8},"end":{"line":14,"column":null}},{"start":{"line":15,"column":8},"end":{"line":16,"column":null}}]},"1":{"loc":{"start":{"line":43,"column":4},"end":{"line":46,"column":null}},"type":"if","locations":[{"start":{"line":43,"column":4},"end":{"line":46,"column":null}},{"start":{"line":43,"column":4},"end":{"line":46,"column":null}}]},"2":{"loc":{"start":{"line":49,"column":4},"end":{"line":51,"column":null}},"type":"if","locations":[{"start":{"line":49,"column":4},"end":{"line":51,"column":null}},{"start":{"line":49,"column":4},"end":{"line":51,"column":null}}]},"3":{"loc":{"start":{"line":70,"column":8},"end":{"line":72,"column":null}},"type":"if","locations":[{"start":{"line":70,"column":8},"end":{"line":72,"column":null}},{"start":{"line":70,"column":8},"end":{"line":72,"column":null}}]}},"s":{"0":1,"1":1,"2":1,"3":1,"4":9,"5":5,"6":4,"7":1,"8":82,"9":82,"10":82,"11":410,"12":533,"13":82,"14":82,"15":82,"16":5,"17":5,"18":2,"19":2,"20":3,"21":1,"22":2,"23":2,"24":4,"25":4,"26":4,"27":8,"28":5,"29":4},"f":{"0":9,"1":82,"2":410,"3":533,"4":5,"5":4,"6":8},"b":{"0":[5,4],"1":[2,3],"2":[1,2],"3":[5,3]}}
}
