{"C:\\WORK\\REAL\\Github\\ts-task\\src\\AppData.ts": {"path":"C:\\WORK\\REAL\\Github\\ts-task\\src\\AppData.ts","statementMap":{"0":{"start":{"line":5,"column":13},"end":{"line":104,"column":null}}},"fnMap":{},"branchMap":{},"s":{"0":1},"f":{},"b":{}}
,"C:\\WORK\\REAL\\Github\\ts-task\\src\\Basket.ts": {"path":"C:\\WORK\\REAL\\Github\\ts-task\\src\\Basket.ts","statementMap":{"0":{"start":{"line":9,"column":0},"end":{"line":9,"column":13}},"1":{"start":{"line":32,"column":4},"end":{"line":32,"column":16}},"2":{"start":{"line":17,"column":4},"end":{"line":17,"column":70}},"3":{"start":{"line":17,"column":36},"end":{"line":17,"column":70}},"4":{"start":{"line":23,"column":5},"end":{"line":26,"column":null}},"5":{"start":{"line":24,"column":30},"end":{"line":24,"column":51}},"6":{"start":{"line":25,"column":8},"end":{"line":25,"column":54}},"7":{"start":{"line":33,"column":8},"end":{"line":33,"column":24}},"8":{"start":{"line":34,"column":8},"end":{"line":34,"column":65}},"9":{"start":{"line":36,"column":8},"end":{"line":38,"column":11}},"10":{"start":{"line":37,"column":12},"end":{"line":37,"column":52}},"11":{"start":{"line":47,"column":19},"end":{"line":51,"column":null}},"12":{"start":{"line":48,"column":8},"end":{"line":50,"column":14}},"13":{"start":{"line":49,"column":12},"end":{"line":49,"column":40}},"14":{"start":{"line":59,"column":12},"end":{"line":66,"column":null}},"15":{"start":{"line":60,"column":8},"end":{"line":60,"column":83}},"16":{"start":{"line":60,"column":35},"end":{"line":60,"column":67}},"17":{"start":{"line":60,"column":70},"end":{"line":60,"column":83}},"18":{"start":{"line":63,"column":12},"end":{"line":63,"column":64}},"19":{"start":{"line":63,"column":37},"end":{"line":63,"column":50}},"20":{"start":{"line":63,"column":59},"end":{"line":63,"column":64}},"21":{"start":{"line":62,"column":8},"end":{"line":63,"column":null}},"22":{"start":{"line":62,"column":22},"end":{"line":62,"column":30}},"23":{"start":{"line":62,"column":22},"end":{"line":62,"column":39}},"24":{"start":{"line":62,"column":18},"end":{"line":62,"column":22}},"25":{"start":{"line":62,"column":17},"end":{"line":62,"column":22}},"26":{"start":{"line":65,"column":8},"end":{"line":65,"column":21}},"27":{"start":{"line":74,"column":12},"end":{"line":87,"column":null}},"28":{"start":{"line":75,"column":8},"end":{"line":75,"column":53}},"29":{"start":{"line":75,"column":46},"end":{"line":75,"column":53}},"30":{"start":{"line":77,"column":8},"end":{"line":86,"column":null}},"31":{"start":{"line":78,"column":12},"end":{"line":78,"column":70}},"32":{"start":{"line":79,"column":12},"end":{"line":79,"column":19}},"33":{"start":{"line":81,"column":24},"end":{"line":81,"column":34}},"34":{"start":{"line":82,"column":31},"end":{"line":84,"column":14}},"35":{"start":{"line":83,"column":16},"end":{"line":83,"column":127}},"36":{"start":{"line":85,"column":12},"end":{"line":85,"column":78}},"37":{"start":{"line":92,"column":12},"end":{"line":102,"column":null}},"38":{"start":{"line":94,"column":44},"end":{"line":94,"column":46}},"39":{"start":{"line":95,"column":8},"end":{"line":97,"column":11}},"40":{"start":{"line":96,"column":12},"end":{"line":96,"column":57}},"41":{"start":{"line":99,"column":31},"end":{"line":99,"column":73}},"42":{"start":{"line":100,"column":8},"end":{"line":100,"column":92}},"43":{"start":{"line":100,"column":41},"end":{"line":100,"column":91}},"44":{"start":{"line":101,"column":8},"end":{"line":101,"column":31}},"45":{"start":{"line":109,"column":19},"end":{"line":121,"column":null}},"46":{"start":{"line":110,"column":8},"end":{"line":120,"column":null}},"47":{"start":{"line":111,"column":27},"end":{"line":111,"column":83}},"48":{"start":{"line":111,"column":52},"end":{"line":111,"column":83}},"49":{"start":{"line":112,"column":12},"end":{"line":112,"column":44}},"50":{"start":{"line":113,"column":12},"end":{"line":116,"column":null}},"51":{"start":{"line":113,"column":28},"end":{"line":113,"column":36}},"52":{"start":{"line":113,"column":28},"end":{"line":113,"column":45}},"53":{"start":{"line":113,"column":24},"end":{"line":113,"column":28}},"54":{"start":{"line":114,"column":30},"end":{"line":114,"column":70}},"55":{"start":{"line":114,"column":55},"end":{"line":114,"column":70}},"56":{"start":{"line":115,"column":16},"end":{"line":115,"column":34}},"57":{"start":{"line":118,"column":27},"end":{"line":118,"column":84}},"58":{"start":{"line":118,"column":52},"end":{"line":118,"column":84}},"59":{"start":{"line":119,"column":12},"end":{"line":119,"column":44}},"60":{"start":{"line":129,"column":19},"end":{"line":137,"column":null}},"61":{"start":{"line":132,"column":42},"end":{"line":132,"column":44}},"62":{"start":{"line":133,"column":8},"end":{"line":133,"column":77}},"63":{"start":{"line":133,"column":35},"end":{"line":133,"column":76}},"64":{"start":{"line":135,"column":8},"end":{"line":135,"column":56}},"65":{"start":{"line":136,"column":8},"end":{"line":136,"column":50}},"66":{"start":{"line":143,"column":4},"end":{"line":145,"column":null}},"67":{"start":{"line":143,"column":4},"end":{"line":143,"column":16}},"68":{"start":{"line":144,"column":8},"end":{"line":144,"column":61}},"69":{"start":{"line":144,"column":40},"end":{"line":144,"column":60}},"70":{"start":{"line":146,"column":0},"end":{"line":146,"column":null}},"71":{"start":{"line":9,"column":13},"end":{"line":9,"column":19}}},"fnMap":{"0":{"name":"(anonymous_0)","decl":{"start":{"line":9,"column":0},"end":{"line":9,"column":13}},"loc":{"start":{"line":9,"column":0},"end":{"line":146,"column":null}}},"1":{"name":"Basket","decl":{"start":{"line":32,"column":4},"end":{"line":32,"column":16}},"loc":{"start":{"line":32,"column":41},"end":{"line":39,"column":5}}},"2":{"name":"(anonymous_2)","decl":{"start":{"line":17,"column":21},"end":{"line":17,"column":36}},"loc":{"start":{"line":17,"column":21},"end":{"line":17,"column":42}}},"3":{"name":"(anonymous_3)","decl":{"start":{"line":23,"column":32},"end":{"line":23,"column":null}},"loc":{"start":{"line":23,"column":32},"end":{"line":26,"column":5}}},"4":{"name":"(anonymous_4)","decl":{"start":{"line":36,"column":28},"end":{"line":36,"column":31}},"loc":{"start":{"line":36,"column":31},"end":{"line":38,"column":9}}},"5":{"name":"(anonymous_5)","decl":{"start":{"line":47,"column":4},"end":{"line":47,"column":19}},"loc":{"start":{"line":47,"column":59},"end":{"line":51,"column":5}}},"6":{"name":"(anonymous_6)","decl":{"start":{"line":48,"column":34},"end":{"line":48,"column":35}},"loc":{"start":{"line":48,"column":48},"end":{"line":50,"column":9}}},"7":{"name":"(anonymous_7)","decl":{"start":{"line":59,"column":4},"end":{"line":59,"column":12}},"loc":{"start":{"line":59,"column":47},"end":{"line":66,"column":5}}},"8":{"name":"(anonymous_8)","decl":{"start":{"line":60,"column":30},"end":{"line":60,"column":31}},"loc":{"start":{"line":60,"column":31},"end":{"line":60,"column":36}}},"9":{"name":"(anonymous_10)","decl":{"start":{"line":63,"column":32},"end":{"line":63,"column":33}},"loc":{"start":{"line":63,"column":33},"end":{"line":63,"column":38}}},"10":{"name":"(anonymous_11)","decl":{"start":{"line":74,"column":4},"end":{"line":74,"column":12}},"loc":{"start":{"line":74,"column":42},"end":{"line":87,"column":5}}},"11":{"name":"(anonymous_12)","decl":{"start":{"line":82,"column":98},"end":{"line":82,"column":108}},"loc":{"start":{"line":82,"column":118},"end":{"line":84,"column":13}}},"12":{"name":"(anonymous_13)","decl":{"start":{"line":92,"column":4},"end":{"line":92,"column":12}},"loc":{"start":{"line":92,"column":4},"end":{"line":102,"column":5}}},"13":{"name":"(anonymous_14)","decl":{"start":{"line":95,"column":27},"end":{"line":95,"column":30}},"loc":{"start":{"line":95,"column":30},"end":{"line":97,"column":9}}},"14":{"name":"(anonymous_15)","decl":{"start":{"line":100,"column":33},"end":{"line":100,"column":37}},"loc":{"start":{"line":100,"column":37},"end":{"line":100,"column":47}}},"15":{"name":"(anonymous_16)","decl":{"start":{"line":109,"column":4},"end":{"line":109,"column":19}},"loc":{"start":{"line":109,"column":87},"end":{"line":121,"column":5}}},"16":{"name":"(anonymous_17)","decl":{"start":{"line":111,"column":47},"end":{"line":111,"column":48}},"loc":{"start":{"line":111,"column":48},"end":{"line":111,"column":53}}},"17":{"name":"(anonymous_18)","decl":{"start":{"line":114,"column":50},"end":{"line":114,"column":51}},"loc":{"start":{"line":114,"column":51},"end":{"line":114,"column":56}}},"18":{"name":"(anonymous_19)","decl":{"start":{"line":118,"column":47},"end":{"line":118,"column":48}},"loc":{"start":{"line":118,"column":48},"end":{"line":118,"column":53}}},"19":{"name":"(anonymous_20)","decl":{"start":{"line":129,"column":4},"end":{"line":129,"column":19}},"loc":{"start":{"line":129,"column":88},"end":{"line":137,"column":5}}},"20":{"name":"(anonymous_21)","decl":{"start":{"line":133,"column":28},"end":{"line":133,"column":31}},"loc":{"start":{"line":133,"column":31},"end":{"line":133,"column":46}}},"21":{"name":"(anonymous_22)","decl":{"start":{"line":143,"column":4},"end":{"line":143,"column":16}},"loc":{"start":{"line":143,"column":47},"end":{"line":145,"column":5}}},"22":{"name":"(anonymous_23)","decl":{"start":{"line":144,"column":35},"end":{"line":144,"column":36}},"loc":{"start":{"line":144,"column":36},"end":{"line":144,"column":44}}}},"branchMap":{"0":{"loc":{"start":{"line":60,"column":8},"end":{"line":60,"column":83}},"type":"if","locations":[{"start":{"line":60,"column":8},"end":{"line":60,"column":83}},{"start":{"line":60,"column":8},"end":{"line":60,"column":83}}]},"1":{"loc":{"start":{"line":63,"column":12},"end":{"line":63,"column":64}},"type":"if","locations":[{"start":{"line":63,"column":12},"end":{"line":63,"column":64}},{"start":{"line":63,"column":12},"end":{"line":63,"column":64}}]},"2":{"loc":{"start":{"line":75,"column":8},"end":{"line":75,"column":53}},"type":"if","locations":[{"start":{"line":75,"column":8},"end":{"line":75,"column":53}},{"start":{"line":75,"column":8},"end":{"line":75,"column":53}}]},"3":{"loc":{"start":{"line":77,"column":8},"end":{"line":86,"column":null}},"type":"if","locations":[{"start":{"line":77,"column":8},"end":{"line":86,"column":null}},{"start":{"line":77,"column":8},"end":{"line":86,"column":null}}]},"4":{"loc":{"start":{"line":83,"column":115},"end":{"line":83,"column":119}},"type":"cond-expr","locations":[{"start":{"line":83,"column":115},"end":{"line":83,"column":119}},{"start":{"line":83,"column":122},"end":{"line":83,"column":126}}]},"5":{"loc":{"start":{"line":110,"column":8},"end":{"line":120,"column":null}},"type":"if","locations":[{"start":{"line":110,"column":8},"end":{"line":120,"column":null}},{"start":{"line":110,"column":8},"end":{"line":120,"column":null}}]}},"s":{"0":2,"1":88,"2":88,"3":85,"4":88,"5":85,"6":85,"7":88,"8":88,"9":88,"10":133,"11":2,"12":194,"13":308,"14":2,"15":250,"16":321,"17":139,"18":133,"19":179,"20":51,"21":111,"22":111,"23":111,"24":133,"25":133,"26":60,"27":2,"28":250,"29":199,"30":51,"31":39,"32":39,"33":12,"34":12,"35":12,"36":12,"37":2,"38":85,"39":85,"40":124,"41":85,"42":85,"43":38,"44":85,"45":2,"46":62,"47":19,"48":20,"49":19,"50":19,"51":19,"52":19,"53":19,"54":19,"55":37,"56":19,"57":43,"58":103,"59":43,"60":2,"61":24,"62":24,"63":60,"64":24,"65":24,"66":2,"67":86,"68":86,"69":250,"70":2,"71":2},"f":{"0":2,"1":88,"2":85,"3":85,"4":133,"5":194,"6":308,"7":250,"8":321,"9":179,"10":250,"11":12,"12":85,"13":124,"14":38,"15":62,"16":20,"17":37,"18":103,"19":24,"20":60,"21":86,"22":250},"b":{"0":[139,111],"1":[51,82],"2":[199,51],"3":[39,12],"4":[0,12],"5":[19,43]}}
,"C:\\WORK\\REAL\\Github\\ts-task\\src\\Utils.ts": {"path":"C:\\WORK\\REAL\\Github\\ts-task\\src\\Utils.ts","statementMap":{"0":{"start":{"line":13,"column":17},"end":{"line":13,"column":22}},"1":{"start":{"line":15,"column":4},"end":{"line":17,"column":7}},"2":{"start":{"line":16,"column":8},"end":{"line":16,"column":46}},"3":{"start":{"line":16,"column":32},"end":{"line":16,"column":46}},"4":{"start":{"line":19,"column":4},"end":{"line":19,"column":18}},"5":{"start":{"line":12,"column":1},"end":{"line":12,"column":17}}},"fnMap":{"0":{"name":"hasOneOf","decl":{"start":{"line":12,"column":17},"end":{"line":12,"column":25}},"loc":{"start":{"line":12,"column":60},"end":{"line":20,"column":1}}},"1":{"name":"(anonymous_1)","decl":{"start":{"line":15,"column":23},"end":{"line":15,"column":30}},"loc":{"start":{"line":15,"column":30},"end":{"line":17,"column":5}}}},"branchMap":{"0":{"loc":{"start":{"line":16,"column":8},"end":{"line":16,"column":46}},"type":"if","locations":[{"start":{"line":16,"column":8},"end":{"line":16,"column":46}},{"start":{"line":16,"column":8},"end":{"line":16,"column":46}}]}},"s":{"0":14,"1":14,"2":26,"3":10,"4":14,"5":2},"f":{"0":14,"1":26},"b":{"0":[10,16]}}
,"C:\\WORK\\REAL\\Github\\ts-task\\src\\index.ts": {"path":"C:\\WORK\\REAL\\Github\\ts-task\\src\\index.ts","statementMap":{"0":{"start":{"line":1,"column":0},"end":{"line":1,"column":34}},"1":{"start":{"line":5,"column":0},"end":{"line":5,"column":35}},"2":{"start":{"line":6,"column":0},"end":{"line":6,"column":37}},"3":{"start":{"line":8,"column":13},"end":{"line":18,"column":2}},"4":{"start":{"line":12,"column":4},"end":{"line":17,"column":null}},"5":{"start":{"line":14,"column":12},"end":{"line":14,"column":null}},"6":{"start":{"line":16,"column":12},"end":{"line":16,"column":null}},"7":{"start":{"line":20,"column":13},"end":{"line":30,"column":2}},"8":{"start":{"line":22,"column":31},"end":{"line":22,"column":80}},"9":{"start":{"line":23,"column":29},"end":{"line":23,"column":79}},"10":{"start":{"line":25,"column":22},"end":{"line":25,"column":113}},"11":{"start":{"line":25,"column":55},"end":{"line":25,"column":113}},"12":{"start":{"line":25,"column":82},"end":{"line":25,"column":112}},"13":{"start":{"line":26,"column":17},"end":{"line":26,"column":40}},"14":{"start":{"line":27,"column":4},"end":{"line":27,"column":44}},"15":{"start":{"line":29,"column":4},"end":{"line":29,"column":null}},"16":{"start":{"line":40,"column":19},"end":{"line":40,"column":67}},"17":{"start":{"line":43,"column":4},"end":{"line":46,"column":null}},"18":{"start":{"line":44,"column":8},"end":{"line":44,"column":38}},"19":{"start":{"line":45,"column":8},"end":{"line":45,"column":36}},"20":{"start":{"line":49,"column":4},"end":{"line":51,"column":null}},"21":{"start":{"line":50,"column":8},"end":{"line":50,"column":36}},"22":{"start":{"line":54,"column":4},"end":{"line":54,"column":34}},"23":{"start":{"line":55,"column":4},"end":{"line":55,"column":32}},"24":{"start":{"line":65,"column":19},"end":{"line":65,"column":67}},"25":{"start":{"line":66,"column":4},"end":{"line":66,"column":39}},"26":{"start":{"line":69,"column":4},"end":{"line":73,"column":7}},"27":{"start":{"line":70,"column":8},"end":{"line":72,"column":null}},"28":{"start":{"line":71,"column":12},"end":{"line":71,"column":48}},"29":{"start":{"line":75,"column":4},"end":{"line":75,"column":32}}},"fnMap":{"0":{"name":"(anonymous_6)","decl":{"start":{"line":8,"column":38},"end":{"line":8,"column":null}},"loc":{"start":{"line":10,"column":65},"end":{"line":18,"column":1}}},"1":{"name":"(anonymous_7)","decl":{"start":{"line":20,"column":30},"end":{"line":20,"column":31}},"loc":{"start":{"line":20,"column":89},"end":{"line":30,"column":1}}},"2":{"name":"(anonymous_8)","decl":{"start":{"line":25,"column":50},"end":{"line":25,"column":51}},"loc":{"start":{"line":25,"column":51},"end":{"line":25,"column":71}}},"3":{"name":"(anonymous_9)","decl":{"start":{"line":25,"column":77},"end":{"line":25,"column":78}},"loc":{"start":{"line":25,"column":78},"end":{"line":25,"column":83}}},"4":{"name":"selectAction","decl":{"start":{"line":39,"column":9},"end":{"line":39,"column":21}},"loc":{"start":{"line":39,"column":93},"end":{"line":56,"column":1}}},"5":{"name":"deselectAction","decl":{"start":{"line":64,"column":9},"end":{"line":64,"column":23}},"loc":{"start":{"line":64,"column":97},"end":{"line":76,"column":1}}},"6":{"name":"(anonymous_12)","decl":{"start":{"line":69,"column":57},"end":{"line":69,"column":60}},"loc":{"start":{"line":69,"column":60},"end":{"line":73,"column":5}}}},"branchMap":{"0":{"loc":{"start":{"line":13,"column":8},"end":{"line":14,"column":null}},"type":"switch","locations":[{"start":{"line":13,"column":8},"end":{"line":14,"column":null}},{"start":{"line":15,"column":8},"end":{"line":16,"column":null}}]},"1":{"loc":{"start":{"line":43,"column":4},"end":{"line":46,"column":null}},"type":"if","locations":[{"start":{"line":43,"column":4},"end":{"line":46,"column":null}},{"start":{"line":43,"column":4},"end":{"line":46,"column":null}}]},"2":{"loc":{"start":{"line":49,"column":4},"end":{"line":51,"column":null}},"type":"if","locations":[{"start":{"line":49,"column":4},"end":{"line":51,"column":null}},{"start":{"line":49,"column":4},"end":{"line":51,"column":null}}]},"3":{"loc":{"start":{"line":70,"column":8},"end":{"line":72,"column":null}},"type":"if","locations":[{"start":{"line":70,"column":8},"end":{"line":72,"column":null}},{"start":{"line":70,"column":8},"end":{"line":72,"column":null}}]}},"s":{"0":1,"1":1,"2":1,"3":1,"4":9,"5":5,"6":4,"7":1,"8":82,"9":82,"10":82,"11":410,"12":533,"13":82,"14":82,"15":82,"16":5,"17":5,"18":2,"19":2,"20":3,"21":1,"22":2,"23":2,"24":4,"25":4,"26":4,"27":8,"28":5,"29":4},"f":{"0":9,"1":82,"2":410,"3":533,"4":5,"5":4,"6":8},"b":{"0":[5,4],"1":[2,3],"2":[1,2],"3":[5,3]}}
}
