TN:
SF:src\AppData.ts
FNF:0
FNH:0
DA:5,1
LF:1
LH:1
BRF:0
BRH:0
end_of_record
TN:
SF:src\Basket.ts
FN:9,(anonymous_0)
FN:33,Basket
FN:18,(anonymous_2)
FN:24,(anonymous_3)
FN:38,(anonymous_4)
FN:50,(anonymous_5)
FN:51,(anonymous_6)
FN:62,(anonymous_7)
FN:63,(anonymous_8)
FN:66,(anonymous_10)
FN:77,(anonymous_11)
FN:85,(anonymous_12)
FN:95,(anonymous_13)
FN:98,(anonymous_14)
FN:103,(anonymous_15)
FN:111,(anonymous_16)
FN:113,(anonymous_17)
FN:116,(anonymous_18)
FN:120,(anonymous_19)
FN:131,(anonymous_20)
FN:135,(anonymous_21)
FN:145,(anonymous_22)
FN:146,(anonymous_23)
FNF:23
FNH:23
FNDA:2,(anonymous_0)
FNDA:88,Basket
FNDA:85,(anonymous_2)
FNDA:85,(anonymous_3)
FNDA:133,(anonymous_4)
FNDA:194,(anonymous_5)
FNDA:308,(anonymous_6)
FNDA:250,(anonymous_7)
FNDA:321,(anonymous_8)
FNDA:179,(anonymous_10)
FNDA:250,(anonymous_11)
FNDA:12,(anonymous_12)
FNDA:85,(anonymous_13)
FNDA:124,(anonymous_14)
FNDA:38,(anonymous_15)
FNDA:62,(anonymous_16)
FNDA:20,(anonymous_17)
FNDA:37,(anonymous_18)
FNDA:103,(anonymous_19)
FNDA:24,(anonymous_20)
FNDA:60,(anonymous_21)
FNDA:86,(anonymous_22)
FNDA:250,(anonymous_23)
DA:9,2
DA:18,88
DA:24,88
DA:25,85
DA:26,85
DA:33,88
DA:34,88
DA:35,88
DA:36,88
DA:38,88
DA:39,133
DA:40,133
DA:50,2
DA:51,194
DA:52,308
DA:62,2
DA:63,321
DA:65,133
DA:66,179
DA:68,60
DA:77,2
DA:78,250
DA:80,51
DA:81,39
DA:82,39
DA:84,12
DA:85,12
DA:86,12
DA:88,12
DA:95,85
DA:97,85
DA:98,85
DA:99,124
DA:102,85
DA:103,85
DA:111,2
DA:112,62
DA:113,20
DA:114,19
DA:115,19
DA:116,37
DA:117,19
DA:120,103
DA:121,43
DA:131,2
DA:134,24
DA:135,60
DA:137,24
DA:138,24
DA:145,86
DA:146,250
DA:148,2
LF:52
LH:52
BRDA:63,0,0,139
BRDA:63,0,1,111
BRDA:66,1,0,51
BRDA:66,1,1,82
BRDA:78,2,0,199
BRDA:78,2,1,51
BRDA:80,3,0,39
BRDA:80,3,1,12
BRDA:86,4,0,0
BRDA:86,4,1,12
BRDA:112,5,0,19
BRDA:112,5,1,43
BRF:12
BRH:11
end_of_record
TN:
SF:src\Utils.ts
FN:12,hasOneOf
FN:15,(anonymous_1)
FNF:2
FNH:2
FNDA:14,hasOneOf
FNDA:26,(anonymous_1)
DA:12,2
DA:13,14
DA:15,14
DA:16,26
DA:19,14
LF:5
LH:5
BRDA:16,0,0,10
BRDA:16,0,1,16
BRF:2
BRH:2
end_of_record
TN:
SF:src\index.ts
FN:8,(anonymous_6)
FN:20,(anonymous_7)
FN:25,(anonymous_8)
FN:25,(anonymous_9)
FN:39,selectAction
FN:64,deselectAction
FN:69,(anonymous_12)
FNF:7
FNH:7
FNDA:9,(anonymous_6)
FNDA:82,(anonymous_7)
FNDA:410,(anonymous_8)
FNDA:533,(anonymous_9)
FNDA:5,selectAction
FNDA:4,deselectAction
FNDA:8,(anonymous_12)
DA:1,1
DA:5,1
DA:6,1
DA:8,1
DA:12,9
DA:14,5
DA:16,4
DA:20,1
DA:22,82
DA:23,82
DA:25,533
DA:26,82
DA:27,82
DA:29,82
DA:40,5
DA:43,5
DA:44,2
DA:45,2
DA:49,3
DA:50,1
DA:54,2
DA:55,2
DA:65,4
DA:66,4
DA:69,4
DA:70,8
DA:71,5
DA:75,4
LF:28
LH:28
BRDA:13,0,0,5
BRDA:13,0,1,4
BRDA:43,1,0,2
BRDA:43,1,1,3
BRDA:49,2,0,1
BRDA:49,2,1,2
BRDA:70,3,0,5
BRDA:70,3,1,3
BRF:8
BRH:8
end_of_record
