TN:
SF:src\AppData.ts
FNF:0
FNH:0
DA:5,1
LF:1
LH:1
BRF:0
BRH:0
end_of_record
TN:
SF:src\Basket.ts
FN:9,(anonymous_0)
FN:18,Basket
FN:23,(anonymous_2)
FN:33,(anonymous_3)
FN:42,(anonymous_4)
FN:43,(anonymous_5)
FN:52,(anonymous_6)
FN:54,(anonymous_7)
FN:65,(anonymous_8)
FN:66,(anonymous_9)
FN:69,(anonymous_11)
FN:80,(anonymous_12)
FN:88,(anonymous_13)
FN:98,(anonymous_14)
FN:101,(anonymous_15)
FN:106,(anonymous_16)
FN:114,(anonymous_17)
FN:116,(anonymous_18)
FN:119,(anonymous_19)
FN:123,(anonymous_20)
FN:134,(anonymous_21)
FN:138,(anonymous_22)
FN:148,(anonymous_23)
FN:149,(anonymous_24)
FNF:24
FNH:24
FNDA:2,(anonymous_0)
FNDA:88,Basket
FNDA:133,(anonymous_2)
FNDA:85,(anonymous_3)
FNDA:109,(anonymous_4)
FNDA:184,(anonymous_5)
FNDA:85,(anonymous_6)
FNDA:124,(anonymous_7)
FNDA:250,(anonymous_8)
FNDA:321,(anonymous_9)
FNDA:179,(anonymous_11)
FNDA:250,(anonymous_12)
FNDA:12,(anonymous_13)
FNDA:85,(anonymous_14)
FNDA:124,(anonymous_15)
FNDA:38,(anonymous_16)
FNDA:62,(anonymous_17)
FNDA:20,(anonymous_18)
FNDA:37,(anonymous_19)
FNDA:103,(anonymous_20)
FNDA:24,(anonymous_21)
FNDA:60,(anonymous_22)
FNDA:86,(anonymous_23)
FNDA:250,(anonymous_24)
DA:9,2
DA:18,88
DA:19,88
DA:20,88
DA:21,88
DA:23,88
DA:24,133
DA:25,133
DA:33,2
DA:34,85
DA:42,2
DA:43,109
DA:44,184
DA:52,2
DA:53,85
DA:54,85
DA:55,124
DA:65,2
DA:66,321
DA:68,133
DA:69,179
DA:71,60
DA:80,2
DA:81,250
DA:83,51
DA:84,39
DA:85,39
DA:87,12
DA:88,12
DA:89,12
DA:91,12
DA:98,85
DA:100,85
DA:101,85
DA:102,124
DA:105,85
DA:106,85
DA:114,2
DA:115,62
DA:116,20
DA:117,19
DA:118,19
DA:119,37
DA:120,19
DA:123,103
DA:124,43
DA:134,2
DA:137,24
DA:138,60
DA:140,24
DA:141,24
DA:148,86
DA:149,250
DA:151,2
LF:54
LH:54
BRDA:66,0,0,139
BRDA:66,0,1,111
BRDA:69,1,0,51
BRDA:69,1,1,82
BRDA:81,2,0,199
BRDA:81,2,1,51
BRDA:83,3,0,39
BRDA:83,3,1,12
BRDA:89,4,0,0
BRDA:89,4,1,12
BRDA:115,5,0,19
BRDA:115,5,1,43
BRF:12
BRH:11
end_of_record
TN:
SF:src\Utils.ts
FN:12,hasOneOf
FN:15,(anonymous_1)
FNF:2
FNH:2
FNDA:14,hasOneOf
FNDA:26,(anonymous_1)
DA:12,2
DA:13,14
DA:15,14
DA:16,26
DA:19,14
LF:5
LH:5
BRDA:16,0,0,10
BRDA:16,0,1,16
BRF:2
BRH:2
end_of_record
TN:
SF:src\index.ts
FN:8,(anonymous_6)
FN:20,(anonymous_7)
FN:25,(anonymous_8)
FN:25,(anonymous_9)
FN:39,selectAction
FN:64,deselectAction
FN:69,(anonymous_12)
FNF:7
FNH:7
FNDA:9,(anonymous_6)
FNDA:82,(anonymous_7)
FNDA:410,(anonymous_8)
FNDA:533,(anonymous_9)
FNDA:5,selectAction
FNDA:4,deselectAction
FNDA:8,(anonymous_12)
DA:1,1
DA:5,1
DA:6,1
DA:8,1
DA:12,9
DA:14,5
DA:16,4
DA:20,1
DA:22,82
DA:23,82
DA:25,533
DA:26,82
DA:27,82
DA:29,82
DA:40,5
DA:43,5
DA:44,2
DA:45,2
DA:49,3
DA:50,1
DA:54,2
DA:55,2
DA:65,4
DA:66,4
DA:69,4
DA:70,8
DA:71,5
DA:75,4
LF:28
LH:28
BRDA:13,0,0,5
BRDA:13,0,1,4
BRDA:43,1,0,2
BRDA:43,1,1,3
BRDA:49,2,0,1
BRDA:49,2,1,2
BRDA:70,3,0,5
BRDA:70,3,1,3
BRF:8
BRH:8
end_of_record
